<?xml version="1.0" encoding="UTF-8"?>
<testng-results ignored="0" total="1" passed="1" failed="0" skipped="0">
  <reporter-output>
  </reporter-output>
  <suite started-at="2024-10-01T16:16:48 IST" name="Default suite" finished-at="2024-10-01T16:18:26 IST" duration-ms="98783">
    <groups>
    </groups>
    <test started-at="2024-10-01T16:16:48 IST" name="Default test" finished-at="2024-10-01T16:18:26 IST" duration-ms="98783">
      <class name="jlr.Gui">
        <test-method is-config="true" signature="setup()[pri:0, instance:jlr.Gui@6c284af]" started-at="2024-10-01T16:16:48 IST" name="setup" finished-at="2024-10-01T16:17:27 IST" duration-ms="39020" status="PASS">
          <reporter-output>
          </reporter-output>
        </test-method> <!-- setup -->
        <test-method signature="testGui()[pri:0, instance:jlr.Gui@6c284af]" started-at="2024-10-01T16:17:27 IST" name="testGui" finished-at="2024-10-01T16:18:26 IST" duration-ms="59667" status="PASS">
          <reporter-output>
          </reporter-output>
        </test-method> <!-- testGui -->
      </class> <!-- jlr.Gui -->
    </test> <!-- Default test -->
  </suite> <!-- Default suite -->
</testng-results>
